#
# There is insufficient memory for the Java Runtime Environment to continue.
# Native memory allocation (malloc) failed to allocate 3097936 bytes for Chunk::new
# Possible reasons:
#   The system is out of physical RAM or swap space
#   The process is running with CompressedOops enabled, and the Java Heap may be blocking the growth of the native heap
# Possible solutions:
#   Reduce memory load on the system
#   Increase physical memory or swap space
#   Check if swap backing store is full
#   Decrease Java heap size (-Xmx/-Xms)
#   Decrease number of Java threads
#   Decrease Java thread stack sizes (-Xss)
#   Set larger code cache with -XX:ReservedCodeCacheSize=
#   JVM is running with Zero Based Compressed Oops mode in which the Java heap is
#     placed in the first 32GB address space. The Java Heap base address is the
#     maximum limit for the native heap growth. Please use -XX:HeapBaseMinAddress
#     to set the Java Heap base and to place the Java Heap above 32GB virtual address.
# This output file may be truncated or incomplete.
#
#  Out of Memory Error (arena.cpp:189), pid=11816, tid=17284
#
# JRE version: Java(TM) SE Runtime Environment (17.0.12+8) (build 17.0.12+8-LTS-286)
# Java VM: Java HotSpot(TM) 64-Bit Server VM (17.0.12+8-LTS-286, mixed mode, sharing, tiered, compressed oops, compressed class ptrs, g1 gc, windows-amd64)
# No core dump will be written. Minidumps are not enabled by default on client versions of Windows
#

---------------  S U M M A R Y ------------

Command Line: --module-path=C:\Program Files\Java\javafx-sdk-17.0.13\lib --add-modules=javafx.controls,javafx.fxml,javafx.graphics,javafx.base,javafx.web -javaagent:C:\Program Files\JetBrains\IntelliJ IDEA 2024.3\lib\idea_rt.jar=63178:C:\Program Files\JetBrains\IntelliJ IDEA 2024.3\bin -Dfile.encoding=UTF-8 com.JavaFx.CafeManagement

Host: Intel(R) Core(TM) i5-10300H CPU @ 2.50GHz, 8 cores, 15G,  Windows 11 , 64 bit Build 22621 (10.0.22621.4391)
Time: Sun Dec 15 09:46:59 2024 W. Central Africa Standard Time elapsed time: 15.604977 seconds (0d 0h 0m 15s)

---------------  T H R E A D  ---------------

Current thread (0x0000024ea837b9e0):  JavaThread "C2 CompilerThread0" daemon [_thread_in_native, id=17284, stack(0x000000cceb200000,0x000000cceb300000)]


Current CompileTask:
C2:  15605 4607   !   4       javafx.scene.CssStyleHelper::transitionToState (1031 bytes)

Stack: [0x000000cceb200000,0x000000cceb300000]
Native frames: (J=compiled Java code, j=interpreted, Vv=VM code, C=native code)
V  [jvm.dll+0x67a04a]
V  [jvm.dll+0x7da4ed]
V  [jvm.dll+0x7dbe33]
V  [jvm.dll+0x7dc4a3]
V  [jvm.dll+0x24508f]
V  [jvm.dll+0xab773]
V  [jvm.dll+0xabd3c]
V  [jvm.dll+0x361b9f]
V  [jvm.dll+0x32c431]
V  [jvm.dll+0x32b8ca]
V  [jvm.dll+0x21683f]
V  [jvm.dll+0x215c6f]
V  [jvm.dll+0x1a2960]
V  [jvm.dll+0x22610b]
V  [jvm.dll+0x2242ab]
V  [jvm.dll+0x79075c]
V  [jvm.dll+0x78abea]
V  [jvm.dll+0x678f35]
C  [ucrtbase.dll+0x29333]
C  [KERNEL32.DLL+0x1259d]
C  [ntdll.dll+0x5af38]


---------------  P R O C E S S  ---------------

Threads class SMR info:
_java_thread_list=0x0000024eeeffbc90, length=24, elements={
0x0000024e836a74a0, 0x0000024ea835ae00, 0x0000024ea835bc80, 0x0000024ea836cab0,
0x0000024ea836d670, 0x0000024ea836f240, 0x0000024ea8371d10, 0x0000024ea837b9e0,
0x0000024ea837de20, 0x0000024ea837e340, 0x0000024ea8345210, 0x0000024eee464e90,
0x0000024eee465370, 0x0000024eeee2ff50, 0x0000024eef178980, 0x0000024eef452450,
0x0000024eef172230, 0x0000024eef31a1d0, 0x0000024eef3820b0, 0x0000024eef383f10,
0x0000024eef382fe0, 0x0000024eef3825c0, 0x0000024eef383a00, 0x0000024eef384e40
}

Java Threads: ( => current thread )
  0x0000024e836a74a0 JavaThread "main" [_thread_blocked, id=13652, stack(0x000000ccea500000,0x000000ccea600000)]
  0x0000024ea835ae00 JavaThread "Reference Handler" daemon [_thread_blocked, id=17576, stack(0x000000cceac00000,0x000000ccead00000)]
  0x0000024ea835bc80 JavaThread "Finalizer" daemon [_thread_blocked, id=1264, stack(0x000000ccead00000,0x000000cceae00000)]
  0x0000024ea836cab0 JavaThread "Signal Dispatcher" daemon [_thread_blocked, id=12732, stack(0x000000cceae00000,0x000000cceaf00000)]
  0x0000024ea836d670 JavaThread "Attach Listener" daemon [_thread_blocked, id=10908, stack(0x000000cceaf00000,0x000000cceb000000)]
  0x0000024ea836f240 JavaThread "Service Thread" daemon [_thread_blocked, id=12036, stack(0x000000cceb000000,0x000000cceb100000)]
  0x0000024ea8371d10 JavaThread "Monitor Deflation Thread" daemon [_thread_blocked, id=7576, stack(0x000000cceb100000,0x000000cceb200000)]
=>0x0000024ea837b9e0 JavaThread "C2 CompilerThread0" daemon [_thread_in_native, id=17284, stack(0x000000cceb200000,0x000000cceb300000)]
  0x0000024ea837de20 JavaThread "C1 CompilerThread0" daemon [_thread_blocked, id=15868, stack(0x000000cceb300000,0x000000cceb400000)]
  0x0000024ea837e340 JavaThread "Sweeper thread" daemon [_thread_blocked, id=17940, stack(0x000000cceb400000,0x000000cceb500000)]
  0x0000024ea8345210 JavaThread "Common-Cleaner" daemon [_thread_blocked, id=7076, stack(0x000000cceb500000,0x000000cceb600000)]
  0x0000024eee464e90 JavaThread "Monitor Ctrl-Break" daemon [_thread_in_native, id=15352, stack(0x000000cceb800000,0x000000cceb900000)]
  0x0000024eee465370 JavaThread "Notification Thread" daemon [_thread_blocked, id=5196, stack(0x000000cceb900000,0x000000cceba00000)]
  0x0000024eeee2ff50 JavaThread "QuantumRenderer-0" daemon [_thread_blocked, id=14268, stack(0x000000ccebb00000,0x000000ccebc00000)]
  0x0000024eef178980 JavaThread "RMI TCP Accept-0" daemon [_thread_in_native, id=17764, stack(0x000000ccebc00000,0x000000ccebd00000)]
  0x0000024eef452450 JavaThread "InvokeLaterDispatcher" daemon [_thread_blocked, id=16312, stack(0x000000ccebd00000,0x000000ccebe00000)]
  0x0000024eef172230 JavaThread "JavaFX Application Thread" [_thread_in_native, id=7148, stack(0x000000ccebe00000,0x000000ccebf00000)]
  0x0000024eef31a1d0 JavaThread "RMI TCP Connection(1)-192.168.56.1" daemon [_thread_in_native, id=6524, stack(0x000000ccebf00000,0x000000ccec000000)]
  0x0000024eef3820b0 JavaThread "RMI Scheduler(0)" daemon [_thread_blocked, id=7152, stack(0x000000ccec300000,0x000000ccec400000)]
  0x0000024eef383f10 JavaThread "JMX server connection timeout 24" daemon [_thread_blocked, id=15128, stack(0x000000ccec400000,0x000000ccec500000)]
  0x0000024eef382fe0 JavaThread "JavaFX-Launcher" [_thread_blocked, id=16084, stack(0x000000ccecd00000,0x000000ccece00000)]
  0x0000024eef3825c0 JavaThread "Thread-2" daemon [_thread_in_native, id=2744, stack(0x000000ccecc00000,0x000000ccecd00000)]
  0x0000024eef383a00 JavaThread "Prism Font Disposer" daemon [_thread_blocked, id=12976, stack(0x000000ccece00000,0x000000ccecf00000)]
  0x0000024eef384e40 JavaThread "Cleaner-0" daemon [_thread_blocked, id=5704, stack(0x000000cced200000,0x000000cced300000)]

Other Threads:
  0x0000024ea8357200 VMThread "VM Thread" [stack: 0x000000cceab00000,0x000000cceac00000] [id=9772]
  0x0000024e83732ae0 WatcherThread [stack: 0x000000cceba00000,0x000000ccebb00000] [id=2016]
  0x0000024e837110f0 GCTaskThread "GC Thread#0" [stack: 0x000000ccea600000,0x000000ccea700000] [id=14272]
  0x0000024eef3eb770 GCTaskThread "GC Thread#1" [stack: 0x000000ccec500000,0x000000ccec600000] [id=16292]
  0x0000024eef41dd20 GCTaskThread "GC Thread#2" [stack: 0x000000ccec600000,0x000000ccec700000] [id=12800]
  0x0000024eef532a80 GCTaskThread "GC Thread#3" [stack: 0x000000ccec700000,0x000000ccec800000] [id=13852]
  0x0000024eef53d5d0 GCTaskThread "GC Thread#4" [stack: 0x000000ccec800000,0x000000ccec900000] [id=14344]
  0x0000024eef4f8270 GCTaskThread "GC Thread#5" [stack: 0x000000ccec900000,0x000000cceca00000] [id=10948]
  0x0000024eef3fcf10 GCTaskThread "GC Thread#6" [stack: 0x000000cceca00000,0x000000ccecb00000] [id=13540]
  0x0000024eef4ebaa0 GCTaskThread "GC Thread#7" [stack: 0x000000ccecb00000,0x000000ccecc00000] [id=17328]
  0x0000024e83721dc0 ConcurrentGCThread "G1 Main Marker" [stack: 0x000000ccea700000,0x000000ccea800000] [id=10284]
  0x0000024e837227d0 ConcurrentGCThread "G1 Conc#0" [stack: 0x000000ccea800000,0x000000ccea900000] [id=17600]
  0x0000024eef019360 ConcurrentGCThread "G1 Conc#1" [stack: 0x000000cced400000,0x000000cced500000] [id=8756]
  0x0000024ea82140f0 ConcurrentGCThread "G1 Refine#0" [stack: 0x000000ccea900000,0x000000cceaa00000] [id=17224]
  0x0000024ea8214b20 ConcurrentGCThread "G1 Service" [stack: 0x000000cceaa00000,0x000000cceab00000] [id=19120]

Threads with active compile tasks:
C2 CompilerThread0    15633 4607   !   4       javafx.scene.CssStyleHelper::transitionToState (1031 bytes)

VM state: not at safepoint (normal execution)

VM Mutex/Monitor currently owned by a thread: None

Heap address: 0x0000000702800000, size: 4056 MB, Compressed Oops mode: Zero based, Oop shift amount: 3

CDS archive(s) mapped at: [0x0000024ea9000000-0x0000024ea9bd0000-0x0000024ea9bd0000), size 12386304, SharedBaseAddress: 0x0000024ea9000000, ArchiveRelocationMode: 1.
Compressed class space mapped at: 0x0000024eaa000000-0x0000024eea000000, reserved size: 1073741824
Narrow klass base: 0x0000024ea9000000, Narrow klass shift: 0, Narrow klass range: 0x100000000

GC Precious Log:
 CPUs: 8 total, 8 available
 Memory: 16219M
 Large Page Support: Disabled
 NUMA Support: Disabled
 Compressed Oops: Enabled (Zero based)
 Heap Region Size: 2M
 Heap Min Capacity: 8M
 Heap Initial Capacity: 254M
 Heap Max Capacity: 4056M
 Pre-touch: Disabled
 Parallel Workers: 8
 Concurrent Workers: 2
 Concurrent Refinement Workers: 8
 Periodic GC: Disabled

Heap:
 garbage-first heap   total 225280K, used 85357K [0x0000000702800000, 0x0000000800000000)
  region size 2048K, 16 young (32768K), 4 survivors (8192K)
 Metaspace       used 23385K, committed 23744K, reserved 1114112K
  class space    used 3277K, committed 3456K, reserved 1048576K

Heap Regions: E=young(eden), S=young(survivor), O=old, HS=humongous(starts), HC=humongous(continues), CS=collection set, F=free, OA=open archive, CA=closed archive, TAMS=top-at-mark-start (previous, next)
|   0|0x0000000702800000, 0x0000000702a00000, 0x0000000702a00000|100%| O|  |TAMS 0x0000000702a00000, 0x0000000702800000| Untracked 
|   1|0x0000000702a00000, 0x0000000702c00000, 0x0000000702c00000|100%| O|  |TAMS 0x0000000702c00000, 0x0000000702a00000| Untracked 
|   2|0x0000000702c00000, 0x0000000702ccd600, 0x0000000702e00000| 40%| O|  |TAMS 0x0000000702ccd600, 0x0000000702c00000| Complete 
|   3|0x0000000702e00000, 0x0000000703000000, 0x0000000703000000|100%|HS|  |TAMS 0x0000000703000000, 0x0000000702e00000| Complete 
|   4|0x0000000703000000, 0x0000000703200000, 0x0000000703200000|100%|HC|  |TAMS 0x0000000703200000, 0x0000000703000000| Complete 
|   5|0x0000000703200000, 0x0000000703400000, 0x0000000703400000|100%|HS|  |TAMS 0x0000000703400000, 0x0000000703200000| Complete 
|   6|0x0000000703400000, 0x0000000703600000, 0x0000000703600000|100%|HS|  |TAMS 0x0000000703600000, 0x0000000703400000| Complete 
|   7|0x0000000703600000, 0x0000000703800000, 0x0000000703800000|100%|HC|  |TAMS 0x0000000703800000, 0x0000000703600000| Complete 
|   8|0x0000000703800000, 0x0000000703a00000, 0x0000000703a00000|100%|HC|  |TAMS 0x0000000703a00000, 0x0000000703800000| Complete 
|   9|0x0000000703a00000, 0x0000000703c00000, 0x0000000703c00000|100%|HC|  |TAMS 0x0000000703c00000, 0x0000000703a00000| Complete 
|  10|0x0000000703c00000, 0x0000000703e00000, 0x0000000703e00000|100%|HC|  |TAMS 0x0000000703e00000, 0x0000000703c00000| Complete 
|  11|0x0000000703e00000, 0x0000000704000000, 0x0000000704000000|100%|HC|  |TAMS 0x0000000704000000, 0x0000000703e00000| Complete 
|  12|0x0000000704000000, 0x0000000704200000, 0x0000000704200000|100%|HC|  |TAMS 0x0000000704200000, 0x0000000704000000| Complete 
|  13|0x0000000704200000, 0x0000000704400000, 0x0000000704400000|100%|HC|  |TAMS 0x0000000704400000, 0x0000000704200000| Complete 
|  14|0x0000000704400000, 0x0000000704600000, 0x0000000704600000|100%|HC|  |TAMS 0x0000000704600000, 0x0000000704400000| Complete 
|  15|0x0000000704600000, 0x0000000704800000, 0x0000000704800000|100%|HC|  |TAMS 0x0000000704800000, 0x0000000704600000| Complete 
|  16|0x0000000704800000, 0x0000000704a00000, 0x0000000704a00000|100%|HC|  |TAMS 0x0000000704a00000, 0x0000000704800000| Complete 
|  17|0x0000000704a00000, 0x0000000704c00000, 0x0000000704c00000|100%|HC|  |TAMS 0x0000000704c00000, 0x0000000704a00000| Complete 
|  18|0x0000000704c00000, 0x0000000704e00000, 0x0000000704e00000|100%|HC|  |TAMS 0x0000000704e00000, 0x0000000704c00000| Complete 
|  19|0x0000000704e00000, 0x0000000705000000, 0x0000000705000000|100%|HC|  |TAMS 0x0000000705000000, 0x0000000704e00000| Complete 
|  20|0x0000000705000000, 0x0000000705200000, 0x0000000705200000|100%|HC|  |TAMS 0x0000000705200000, 0x0000000705000000| Complete 
|  21|0x0000000705200000, 0x0000000705400000, 0x0000000705400000|100%|HC|  |TAMS 0x0000000705400000, 0x0000000705200000| Complete 
|  22|0x0000000705400000, 0x0000000705600000, 0x0000000705600000|100%|HC|  |TAMS 0x0000000705600000, 0x0000000705400000| Complete 
|  23|0x0000000705600000, 0x0000000705800000, 0x0000000705800000|100%|HC|  |TAMS 0x0000000705800000, 0x0000000705600000| Complete 
|  24|0x0000000705800000, 0x0000000705a00000, 0x0000000705a00000|100%|HC|  |TAMS 0x0000000705a00000, 0x0000000705800000| Complete 
|  25|0x0000000705a00000, 0x0000000705c00000, 0x0000000705c00000|100%|HC|  |TAMS 0x0000000705c00000, 0x0000000705a00000| Complete 
|  26|0x0000000705c00000, 0x0000000705e00000, 0x0000000705e00000|100%|HC|  |TAMS 0x0000000705e00000, 0x0000000705c00000| Complete 
|  27|0x0000000705e00000, 0x0000000706000000, 0x0000000706000000|100%|HC|  |TAMS 0x0000000706000000, 0x0000000705e00000| Complete 
|  28|0x0000000706000000, 0x0000000706000000, 0x0000000706200000|  0%| F|  |TAMS 0x0000000706000000, 0x0000000706000000| Untracked 
|  29|0x0000000706200000, 0x0000000706200000, 0x0000000706400000|  0%| F|  |TAMS 0x0000000706200000, 0x0000000706200000| Untracked 
|  30|0x0000000706400000, 0x0000000706400000, 0x0000000706600000|  0%| F|  |TAMS 0x0000000706400000, 0x0000000706400000| Untracked 
|  31|0x0000000706600000, 0x0000000706600000, 0x0000000706800000|  0%| F|  |TAMS 0x0000000706600000, 0x0000000706600000| Untracked 
|  32|0x0000000706800000, 0x0000000706800000, 0x0000000706a00000|  0%| F|  |TAMS 0x0000000706800000, 0x0000000706800000| Untracked 
|  33|0x0000000706a00000, 0x0000000706a00000, 0x0000000706c00000|  0%| F|  |TAMS 0x0000000706a00000, 0x0000000706a00000| Untracked 
|  34|0x0000000706c00000, 0x0000000706c00000, 0x0000000706e00000|  0%| F|  |TAMS 0x0000000706c00000, 0x0000000706c00000| Untracked 
|  35|0x0000000706e00000, 0x0000000706e00000, 0x0000000707000000|  0%| F|  |TAMS 0x0000000706e00000, 0x0000000706e00000| Untracked 
|  36|0x0000000707000000, 0x0000000707000000, 0x0000000707200000|  0%| F|  |TAMS 0x0000000707000000, 0x0000000707000000| Untracked 
|  37|0x0000000707200000, 0x0000000707200000, 0x0000000707400000|  0%| F|  |TAMS 0x0000000707200000, 0x0000000707200000| Untracked 
|  38|0x0000000707400000, 0x0000000707400000, 0x0000000707600000|  0%| F|  |TAMS 0x0000000707400000, 0x0000000707400000| Untracked 
|  39|0x0000000707600000, 0x0000000707600000, 0x0000000707800000|  0%| F|  |TAMS 0x0000000707600000, 0x0000000707600000| Untracked 
|  40|0x0000000707800000, 0x0000000707800000, 0x0000000707a00000|  0%| F|  |TAMS 0x0000000707800000, 0x0000000707800000| Untracked 
|  41|0x0000000707a00000, 0x0000000707a00000, 0x0000000707c00000|  0%| F|  |TAMS 0x0000000707a00000, 0x0000000707a00000| Untracked 
|  42|0x0000000707c00000, 0x0000000707c00000, 0x0000000707e00000|  0%| F|  |TAMS 0x0000000707c00000, 0x0000000707c00000| Untracked 
|  43|0x0000000707e00000, 0x0000000707e00000, 0x0000000708000000|  0%| F|  |TAMS 0x0000000707e00000, 0x0000000707e00000| Untracked 
|  44|0x0000000708000000, 0x0000000708000000, 0x0000000708200000|  0%| F|  |TAMS 0x0000000708000000, 0x0000000708000000| Untracked 
|  45|0x0000000708200000, 0x0000000708200000, 0x0000000708400000|  0%| F|  |TAMS 0x0000000708200000, 0x0000000708200000| Untracked 
|  46|0x0000000708400000, 0x0000000708400000, 0x0000000708600000|  0%| F|  |TAMS 0x0000000708400000, 0x0000000708400000| Untracked 
|  47|0x0000000708600000, 0x0000000708600000, 0x0000000708800000|  0%| F|  |TAMS 0x0000000708600000, 0x0000000708600000| Untracked 
|  48|0x0000000708800000, 0x0000000708800000, 0x0000000708a00000|  0%| F|  |TAMS 0x0000000708800000, 0x0000000708800000| Untracked 
|  49|0x0000000708a00000, 0x0000000708a00000, 0x0000000708c00000|  0%| F|  |TAMS 0x0000000708a00000, 0x0000000708a00000| Untracked 
|  50|0x0000000708c00000, 0x0000000708c00000, 0x0000000708e00000|  0%| F|  |TAMS 0x0000000708c00000, 0x0000000708c00000| Untracked 
|  51|0x0000000708e00000, 0x0000000708e00000, 0x0000000709000000|  0%| F|  |TAMS 0x0000000708e00000, 0x0000000708e00000| Untracked 
|  52|0x0000000709000000, 0x0000000709000000, 0x0000000709200000|  0%| F|  |TAMS 0x0000000709000000, 0x0000000709000000| Untracked 
|  53|0x0000000709200000, 0x0000000709200000, 0x0000000709400000|  0%| F|  |TAMS 0x0000000709200000, 0x0000000709200000| Untracked 
|  54|0x0000000709400000, 0x0000000709400000, 0x0000000709600000|  0%| F|  |TAMS 0x0000000709400000, 0x0000000709400000| Untracked 
|  55|0x0000000709600000, 0x0000000709600000, 0x0000000709800000|  0%| F|  |TAMS 0x0000000709600000, 0x0000000709600000| Untracked 
|  56|0x0000000709800000, 0x0000000709800000, 0x0000000709a00000|  0%| F|  |TAMS 0x0000000709800000, 0x0000000709800000| Untracked 
|  57|0x0000000709a00000, 0x0000000709a00000, 0x0000000709c00000|  0%| F|  |TAMS 0x0000000709a00000, 0x0000000709a00000| Untracked 
|  58|0x0000000709c00000, 0x0000000709c00000, 0x0000000709e00000|  0%| F|  |TAMS 0x0000000709c00000, 0x0000000709c00000| Untracked 
|  59|0x0000000709e00000, 0x0000000709e00000, 0x000000070a000000|  0%| F|  |TAMS 0x0000000709e00000, 0x0000000709e00000| Untracked 
|  60|0x000000070a000000, 0x000000070a000000, 0x000000070a200000|  0%| F|  |TAMS 0x000000070a000000, 0x000000070a000000| Untracked 
|  61|0x000000070a200000, 0x000000070a200000, 0x000000070a400000|  0%| F|  |TAMS 0x000000070a200000, 0x000000070a200000| Untracked 
|  62|0x000000070a400000, 0x000000070a400000, 0x000000070a600000|  0%| F|  |TAMS 0x000000070a400000, 0x000000070a400000| Untracked 
|  63|0x000000070a600000, 0x000000070a600000, 0x000000070a800000|  0%| F|  |TAMS 0x000000070a600000, 0x000000070a600000| Untracked 
|  64|0x000000070a800000, 0x000000070a800000, 0x000000070aa00000|  0%| F|  |TAMS 0x000000070a800000, 0x000000070a800000| Untracked 
|  65|0x000000070aa00000, 0x000000070aa00000, 0x000000070ac00000|  0%| F|  |TAMS 0x000000070aa00000, 0x000000070aa00000| Untracked 
|  66|0x000000070ac00000, 0x000000070ac00000, 0x000000070ae00000|  0%| F|  |TAMS 0x000000070ac00000, 0x000000070ac00000| Untracked 
|  67|0x000000070ae00000, 0x000000070ae00000, 0x000000070b000000|  0%| F|  |TAMS 0x000000070ae00000, 0x000000070ae00000| Untracked 
|  68|0x000000070b000000, 0x000000070b000000, 0x000000070b200000|  0%| F|  |TAMS 0x000000070b000000, 0x000000070b000000| Untracked 
|  69|0x000000070b200000, 0x000000070b200000, 0x000000070b400000|  0%| F|  |TAMS 0x000000070b200000, 0x000000070b200000| Untracked 
|  70|0x000000070b400000, 0x000000070b400000, 0x000000070b600000|  0%| F|  |TAMS 0x000000070b400000, 0x000000070b400000| Untracked 
|  71|0x000000070b600000, 0x000000070b600000, 0x000000070b800000|  0%| F|  |TAMS 0x000000070b600000, 0x000000070b600000| Untracked 
|  72|0x000000070b800000, 0x000000070b800000, 0x000000070ba00000|  0%| F|  |TAMS 0x000000070b800000, 0x000000070b800000| Untracked 
|  73|0x000000070ba00000, 0x000000070ba00000, 0x000000070bc00000|  0%| F|  |TAMS 0x000000070ba00000, 0x000000070ba00000| Untracked 
|  74|0x000000070bc00000, 0x000000070bc00000, 0x000000070be00000|  0%| F|  |TAMS 0x000000070bc00000, 0x000000070bc00000| Untracked 
|  75|0x000000070be00000, 0x000000070be00000, 0x000000070c000000|  0%| F|  |TAMS 0x000000070be00000, 0x000000070be00000| Untracked 
|  76|0x000000070c000000, 0x000000070c000000, 0x000000070c200000|  0%| F|  |TAMS 0x000000070c000000, 0x000000070c000000| Untracked 
|  77|0x000000070c200000, 0x000000070c200000, 0x000000070c400000|  0%| F|  |TAMS 0x000000070c200000, 0x000000070c200000| Untracked 
|  78|0x000000070c400000, 0x000000070c400000, 0x000000070c600000|  0%| F|  |TAMS 0x000000070c400000, 0x000000070c400000| Untracked 
|  79|0x000000070c600000, 0x000000070c600000, 0x000000070c800000|  0%| F|  |TAMS 0x000000070c600000, 0x000000070c600000| Untracked 
|  80|0x000000070c800000, 0x000000070c800000, 0x000000070ca00000|  0%| F|  |TAMS 0x000000070c800000, 0x000000070c800000| Untracked 
|  81|0x000000070ca00000, 0x000000070ca00000, 0x000000070cc00000|  0%| F|  |TAMS 0x000000070ca00000, 0x000000070ca00000| Untracked 
|  82|0x000000070cc00000, 0x000000070cc00000, 0x000000070ce00000|  0%| F|  |TAMS 0x000000070cc00000, 0x000000070cc00000| Untracked 
|  83|0x000000070ce00000, 0x000000070ce00000, 0x000000070d000000|  0%| F|  |TAMS 0x000000070ce00000, 0x000000070ce00000| Untracked 
|  84|0x000000070d000000, 0x000000070d000000, 0x000000070d200000|  0%| F|  |TAMS 0x000000070d000000, 0x000000070d000000| Untracked 
|  85|0x000000070d200000, 0x000000070d200000, 0x000000070d400000|  0%| F|  |TAMS 0x000000070d200000, 0x000000070d200000| Untracked 
|  86|0x000000070d400000, 0x000000070d400000, 0x000000070d600000|  0%| F|  |TAMS 0x000000070d400000, 0x000000070d400000| Untracked 
|  87|0x000000070d600000, 0x000000070d600000, 0x000000070d800000|  0%| F|  |TAMS 0x000000070d600000, 0x000000070d600000| Untracked 
|  88|0x000000070d800000, 0x000000070d800000, 0x000000070da00000|  0%| F|  |TAMS 0x000000070d800000, 0x000000070d800000| Untracked 
|  89|0x000000070da00000, 0x000000070da00000, 0x000000070dc00000|  0%| F|  |TAMS 0x000000070da00000, 0x000000070da00000| Untracked 
|  90|0x000000070dc00000, 0x000000070dc00000, 0x000000070de00000|  0%| F|  |TAMS 0x000000070dc00000, 0x000000070dc00000| Untracked 
|  91|0x000000070de00000, 0x000000070de00000, 0x000000070e000000|  0%| F|  |TAMS 0x000000070de00000, 0x000000070de00000| Untracked 
|  92|0x000000070e000000, 0x000000070e000000, 0x000000070e200000|  0%| F|  |TAMS 0x000000070e000000, 0x000000070e000000| Untracked 
|  93|0x000000070e200000, 0x000000070e200000, 0x000000070e400000|  0%| F|  |TAMS 0x000000070e200000, 0x000000070e200000| Untracked 
|  94|0x000000070e400000, 0x000000070e500800, 0x000000070e600000| 50%| E|  |TAMS 0x000000070e400000, 0x000000070e400000| Complete 
|  95|0x000000070e600000, 0x000000070e800000, 0x000000070e800000|100%| E|CS|TAMS 0x000000070e600000, 0x000000070e600000| Complete 
|  96|0x000000070e800000, 0x000000070ea00000, 0x000000070ea00000|100%| E|CS|TAMS 0x000000070e800000, 0x000000070e800000| Complete 
|  97|0x000000070ea00000, 0x000000070ec00000, 0x000000070ec00000|100%| E|CS|TAMS 0x000000070ea00000, 0x000000070ea00000| Complete 
|  98|0x000000070ec00000, 0x000000070ee00000, 0x000000070ee00000|100%| E|CS|TAMS 0x000000070ec00000, 0x000000070ec00000| Complete 
|  99|0x000000070ee00000, 0x000000070f000000, 0x000000070f000000|100%| E|CS|TAMS 0x000000070ee00000, 0x000000070ee00000| Complete 
| 100|0x000000070f000000, 0x000000070f200000, 0x000000070f200000|100%| E|CS|TAMS 0x000000070f000000, 0x000000070f000000| Complete 
| 101|0x000000070f200000, 0x000000070f400000, 0x000000070f400000|100%| E|CS|TAMS 0x000000070f200000, 0x000000070f200000| Complete 
| 102|0x000000070f400000, 0x000000070f600000, 0x000000070f600000|100%| E|CS|TAMS 0x000000070f400000, 0x000000070f400000| Complete 
| 103|0x000000070f600000, 0x000000070f800000, 0x000000070f800000|100%| E|CS|TAMS 0x000000070f600000, 0x000000070f600000| Complete 
| 104|0x000000070f800000, 0x000000070f88df40, 0x000000070fa00000| 27%| S|CS|TAMS 0x000000070f800000, 0x000000070f800000| Complete 
| 105|0x000000070fa00000, 0x000000070fc00000, 0x000000070fc00000|100%| S|CS|TAMS 0x000000070fa00000, 0x000000070fa00000| Complete 
| 106|0x000000070fc00000, 0x000000070fe00000, 0x000000070fe00000|100%| S|CS|TAMS 0x000000070fc00000, 0x000000070fc00000| Complete 
| 107|0x000000070fe00000, 0x0000000710000000, 0x0000000710000000|100%| S|CS|TAMS 0x000000070fe00000, 0x000000070fe00000| Complete 
| 108|0x0000000710000000, 0x0000000710200000, 0x0000000710200000|100%| E|CS|TAMS 0x0000000710000000, 0x0000000710000000| Complete 
| 126|0x0000000712400000, 0x0000000712600000, 0x0000000712600000|100%| E|CS|TAMS 0x0000000712400000, 0x0000000712400000| Complete 

Card table byte_map: [0x0000024e9c9d0000,0x0000024e9d1c0000] _byte_map_base: 0x0000024e991bc000

Marking Bits (Prev, Next): (CMBitMap*) 0x0000024e83711750, (CMBitMap*) 0x0000024e83711710
 Prev Bits: [0x0000024ea1910000, 0x0000024ea5870000)
 Next Bits: [0x0000024e9d9b0000, 0x0000024ea1910000)

Polling page: 0x0000024e83770000

Metaspace:

Usage:
  Non-class:     19.64 MB used.
      Class:      3.20 MB used.
       Both:     22.84 MB used.

Virtual space:
  Non-class space:       64.00 MB reserved,      19.81 MB ( 31%) committed,  1 nodes.
      Class space:        1.00 GB reserved,       3.38 MB ( <1%) committed,  1 nodes.
             Both:        1.06 GB reserved,      23.19 MB (  2%) committed. 

Chunk freelists:
   Non-Class:  11.80 MB
       Class:  12.62 MB
        Both:  24.42 MB

MaxMetaspaceSize: unlimited
CompressedClassSpaceSize: 1.00 GB
Initial GC threshold: 21.00 MB
Current GC threshold: 35.12 MB
CDS: on
MetaspaceReclaimPolicy: balanced
 - commit_granule_bytes: 65536.
 - commit_granule_words: 8192.
 - virtual_space_node_default_size: 8388608.
 - enlarge_chunks_in_place: 1.
 - new_chunks_are_fully_committed: 0.
 - uncommit_free_chunks: 1.
 - use_allocation_guard: 0.
 - handle_deallocations: 1.


Internal statistics:

num_allocs_failed_limit: 3.
num_arena_births: 362.
num_arena_deaths: 0.
num_vsnodes_births: 2.
num_vsnodes_deaths: 0.
num_space_committed: 371.
num_space_uncommitted: 0.
num_chunks_returned_to_freelist: 3.
num_chunks_taken_from_freelist: 1142.
num_chunk_merges: 3.
num_chunk_splits: 729.
num_chunks_enlarged: 481.
num_inconsistent_stats: 0.

CodeHeap 'non-profiled nmethods': size=120000Kb used=1982Kb max_used=1982Kb free=118017Kb
 bounds [0x0000024e94240000, 0x0000024e944b0000, 0x0000024e9b770000]
CodeHeap 'profiled nmethods': size=120000Kb used=9795Kb max_used=9795Kb free=110204Kb
 bounds [0x0000024e8c770000, 0x0000024e8d110000, 0x0000024e93ca0000]
CodeHeap 'non-nmethods': size=5760Kb used=1474Kb max_used=1530Kb free=4286Kb
 bounds [0x0000024e93ca0000, 0x0000024e93f10000, 0x0000024e94240000]
 total_blobs=5454 nmethods=4610 adapters=755
 compilation: enabled
              stopped_count=0, restarted_count=0
 full_count=0

Compilation events (20 events):
Event: 15.356 Thread 0x0000024ea837de20 nmethod 4602 0x0000024e8d0f2210 code [0x0000024e8d0f2540, 0x0000024e8d0f45d8]
Event: 15.370 Thread 0x0000024ea837de20 4603       1       java.util.ArrayList$ArrayListSpliterator::characteristics (4 bytes)
Event: 15.370 Thread 0x0000024ea837de20 nmethod 4603 0x0000024e9442ec90 code [0x0000024e9442ee20, 0x0000024e9442eef8]
Event: 15.372 Thread 0x0000024ea837de20 4604       1       com.sun.prism.impl.BaseGraphics::setHasPreCullingBits (6 bytes)
Event: 15.372 Thread 0x0000024ea837de20 nmethod 4604 0x0000024e9442ef90 code [0x0000024e9442f120, 0x0000024e9442f1f8]
Event: 15.372 Thread 0x0000024ea837de20 4605       1       com.sun.javafx.sg.prism.NGRegion::supportsOpaqueRegions (2 bytes)
Event: 15.372 Thread 0x0000024ea837de20 nmethod 4605 0x0000024e9442f290 code [0x0000024e9442f420, 0x0000024e9442f4f8]
Event: 15.372 Thread 0x0000024ea837de20 4606       3       com.sun.prism.d3d.D3DShader::setConstant (39 bytes)
Event: 15.372 Thread 0x0000024ea837de20 nmethod 4606 0x0000024e8d0f4c10 code [0x0000024e8d0f4e40, 0x0000024e8d0f5568]
Event: 15.387 Thread 0x0000024ea837b9e0 4607   !   4       javafx.scene.CssStyleHelper::transitionToState (1031 bytes)
Event: 15.388 Thread 0x0000024ea837de20 4608       1       javafx.scene.layout.Background::hashCode (5 bytes)
Event: 15.388 Thread 0x0000024ea837de20 nmethod 4608 0x0000024e9442f590 code [0x0000024e9442f720, 0x0000024e9442f7f8]
Event: 15.436 Thread 0x0000024ea837de20 4612       3       javafx.scene.layout.Background::<init> (498 bytes)
Event: 15.437 Thread 0x0000024ea837de20 nmethod 4612 0x0000024e8d0f5890 code [0x0000024e8d0f5be0, 0x0000024e8d0f75b8]
Event: 15.437 Thread 0x0000024ea837de20 4613       3       com.sun.marlin.Renderer::_endRendering (2473 bytes)
Event: 15.442 Thread 0x0000024ea837de20 nmethod 4613 0x0000024e8d0f8010 code [0x0000024e8d0f85e0, 0x0000024e8d0fc708]
Event: 15.442 Thread 0x0000024ea837de20 4614       3       com.sun.marlin.IntArrayCache$Reference::putArray (9 bytes)
Event: 15.442 Thread 0x0000024ea837de20 nmethod 4614 0x0000024e8d0ffd90 code [0x0000024e8d0fff40, 0x0000024e8d100088]
Event: 15.443 Thread 0x0000024ea837de20 4615       3       com.sun.javafx.sg.prism.NGRegion::doCorner (248 bytes)
Event: 15.443 Thread 0x0000024ea837de20 nmethod 4615 0x0000024e8d100190 code [0x0000024e8d1003c0, 0x0000024e8d100a88]

GC Heap History (6 events):
Event: 0.478 GC heap before
{Heap before GC invocations=0 (full 0):
 garbage-first heap   total 260096K, used 22528K [0x0000000702800000, 0x0000000800000000)
  region size 2048K, 11 young (22528K), 0 survivors (0K)
 Metaspace       used 7740K, committed 7936K, reserved 1114112K
  class space    used 883K, committed 960K, reserved 1048576K
}
Event: 0.482 GC heap after
{Heap after GC invocations=1 (full 0):
 garbage-first heap   total 260096K, used 5087K [0x0000000702800000, 0x0000000800000000)
  region size 2048K, 2 young (4096K), 2 survivors (4096K)
 Metaspace       used 7740K, committed 7936K, reserved 1114112K
  class space    used 883K, committed 960K, reserved 1048576K
}
Event: 0.958 GC heap before
{Heap before GC invocations=1 (full 0):
 garbage-first heap   total 260096K, used 33759K [0x0000000702800000, 0x0000000800000000)
  region size 2048K, 16 young (32768K), 2 survivors (4096K)
 Metaspace       used 15566K, committed 15744K, reserved 1114112K
  class space    used 2092K, committed 2176K, reserved 1048576K
}
Event: 0.963 GC heap after
{Heap after GC invocations=2 (full 0):
 garbage-first heap   total 260096K, used 8262K [0x0000000702800000, 0x0000000800000000)
  region size 2048K, 2 young (4096K), 2 survivors (4096K)
 Metaspace       used 15566K, committed 15744K, reserved 1114112K
  class space    used 2092K, committed 2176K, reserved 1048576K
}
Event: 6.116 GC heap before
{Heap before GC invocations=2 (full 0):
 garbage-first heap   total 260096K, used 92230K [0x0000000702800000, 0x0000000800000000)
  region size 2048K, 19 young (38912K), 2 survivors (4096K)
 Metaspace       used 21269K, committed 21504K, reserved 1114112K
  class space    used 3058K, committed 3200K, reserved 1048576K
}
Event: 6.120 GC heap after
{Heap after GC invocations=3 (full 0):
 garbage-first heap   total 260096K, used 62829K [0x0000000702800000, 0x0000000800000000)
  region size 2048K, 4 young (8192K), 4 survivors (8192K)
 Metaspace       used 21269K, committed 21504K, reserved 1114112K
  class space    used 3058K, committed 3200K, reserved 1048576K
}

Deoptimization events (20 events):
Event: 13.945 Thread 0x0000024eef172230 Uncommon trap: trap_request=0xffffffd6 fr.pc=0x0000024e943f59b0 relative=0x0000000000002510
Event: 13.945 Thread 0x0000024eef172230 Uncommon trap: reason=array_check action=maybe_recompile pc=0x0000024e943f59b0 method=javafx.css.CompoundSelector.applies(Ljavafx/css/Styleable;[Ljava/util/Set;I)Z @ 128 c2
Event: 13.945 Thread 0x0000024eef172230 DEOPT PACKING pc=0x0000024e943f59b0 sp=0x000000ccebef93e0
Event: 13.945 Thread 0x0000024eef172230 DEOPT UNPACKING pc=0x0000024e93cf23a3 sp=0x000000ccebef92e8 mode 2
Event: 13.986 Thread 0x0000024eeee2ff50 Uncommon trap: trap_request=0xffffff45 fr.pc=0x0000024e943de948 relative=0x0000000000002708
Event: 13.986 Thread 0x0000024eeee2ff50 Uncommon trap: reason=unstable_if action=reinterpret pc=0x0000024e943de948 method=com.sun.marlin.Renderer._endRendering(IILcom/sun/marlin/MarlinAlphaConsumer;)V @ 325 c2
Event: 13.986 Thread 0x0000024eeee2ff50 DEOPT PACKING pc=0x0000024e943de948 sp=0x000000ccebbfda90
Event: 13.986 Thread 0x0000024eeee2ff50 DEOPT UNPACKING pc=0x0000024e93cf23a3 sp=0x000000ccebbfd918 mode 2
Event: 13.987 Thread 0x0000024eeee2ff50 Uncommon trap: trap_request=0xffffff45 fr.pc=0x0000024e943a765c relative=0x000000000000153c
Event: 13.987 Thread 0x0000024eeee2ff50 Uncommon trap: reason=unstable_if action=reinterpret pc=0x0000024e943a765c method=com.sun.javafx.sg.prism.NGRegion.renderContent(Lcom/sun/prism/Graphics;)V @ 75 c2
Event: 13.987 Thread 0x0000024eeee2ff50 DEOPT PACKING pc=0x0000024e943a765c sp=0x000000ccebbfdfc0
Event: 13.987 Thread 0x0000024eeee2ff50 DEOPT UNPACKING pc=0x0000024e93cf23a3 sp=0x000000ccebbfdeb8 mode 2
Event: 13.987 Thread 0x0000024eeee2ff50 Uncommon trap: trap_request=0xffffff45 fr.pc=0x0000024e943a3cd4 relative=0x00000000000001f4
Event: 13.987 Thread 0x0000024eeee2ff50 Uncommon trap: reason=unstable_if action=reinterpret pc=0x0000024e943a3cd4 method=com.sun.javafx.geom.transform.AffineBase.updateState2D()V @ 24 c2
Event: 13.987 Thread 0x0000024eeee2ff50 DEOPT PACKING pc=0x0000024e943a3cd4 sp=0x000000ccebbfdb80
Event: 13.987 Thread 0x0000024eeee2ff50 DEOPT UNPACKING pc=0x0000024e93cf23a3 sp=0x000000ccebbfdb20 mode 2
Event: 13.988 Thread 0x0000024eef172230 DEOPT PACKING pc=0x0000024e8d07ede0 sp=0x000000ccebefb860
Event: 13.988 Thread 0x0000024eef172230 DEOPT UNPACKING pc=0x0000024e93cf2b43 sp=0x000000ccebefad50 mode 0
Event: 13.990 Thread 0x0000024eef172230 DEOPT PACKING pc=0x0000024e8d07ede0 sp=0x000000ccebefb660
Event: 13.990 Thread 0x0000024eef172230 DEOPT UNPACKING pc=0x0000024e93cf2b43 sp=0x000000ccebefab50 mode 0

Classes unloaded (0 events):
No events

Classes redefined (0 events):
No events

Internal exceptions (20 events):
Event: 3.481 Thread 0x0000024eef172230 Exception <a 'java/io/FileNotFoundException'{0x0000000710d0e4e0}> (0x0000000710d0e4e0) 
thrown [s\open\src\hotspot\share\prims\jni.cpp, line 516]
Event: 3.482 Thread 0x0000024eef172230 Exception <a 'java/io/FileNotFoundException'{0x0000000710d10030}> (0x0000000710d10030) 
thrown [s\open\src\hotspot\share\prims\jni.cpp, line 516]
Event: 6.082 Thread 0x0000024eef172230 Exception <a 'java/io/FileNotFoundException'{0x0000000710742920}> (0x0000000710742920) 
thrown [s\open\src\hotspot\share\prims\jni.cpp, line 516]
Event: 6.082 Thread 0x0000024eef172230 Exception <a 'java/io/FileNotFoundException'{0x0000000710743d28}> (0x0000000710743d28) 
thrown [s\open\src\hotspot\share\prims\jni.cpp, line 516]
Event: 6.083 Thread 0x0000024eef172230 Exception <a 'java/io/FileNotFoundException'{0x00000007107472a0}> (0x00000007107472a0) 
thrown [s\open\src\hotspot\share\prims\jni.cpp, line 516]
Event: 6.083 Thread 0x0000024eef172230 Exception <a 'java/io/FileNotFoundException'{0x0000000710748638}> (0x0000000710748638) 
thrown [s\open\src\hotspot\share\prims\jni.cpp, line 516]
Event: 6.088 Thread 0x0000024eef172230 Exception <a 'java/io/FileNotFoundException'{0x0000000710796730}> (0x0000000710796730) 
thrown [s\open\src\hotspot\share\prims\jni.cpp, line 516]
Event: 6.088 Thread 0x0000024eef172230 Exception <a 'java/io/FileNotFoundException'{0x0000000710797e88}> (0x0000000710797e88) 
thrown [s\open\src\hotspot\share\prims\jni.cpp, line 516]
Event: 6.098 Thread 0x0000024eef172230 Implicit null exception at 0x0000024e9432c780 to 0x0000024e9432d084
Event: 8.139 Thread 0x0000024eef172230 Exception <a 'java/lang/reflect/InvocationTargetException'{0x00000007101cea90}> (0x00000007101cea90) 
thrown [s\open\src\hotspot\share\runtime\reflection.cpp, line 1121]
Event: 9.856 Thread 0x0000024eef172230 Exception <a 'java/io/FileNotFoundException'{0x000000070f3fc8e0}> (0x000000070f3fc8e0) 
thrown [s\open\src\hotspot\share\prims\jni.cpp, line 516]
Event: 9.856 Thread 0x0000024eef172230 Exception <a 'java/io/FileNotFoundException'{0x000000070f3fdc58}> (0x000000070f3fdc58) 
thrown [s\open\src\hotspot\share\prims\jni.cpp, line 516]
Event: 9.856 Thread 0x0000024eef172230 Exception <a 'java/io/FileNotFoundException'{0x000000070f001278}> (0x000000070f001278) 
thrown [s\open\src\hotspot\share\prims\jni.cpp, line 516]
Event: 9.856 Thread 0x0000024eef172230 Exception <a 'java/io/FileNotFoundException'{0x000000070f002620}> (0x000000070f002620) 
thrown [s\open\src\hotspot\share\prims\jni.cpp, line 516]
Event: 10.924 Thread 0x0000024eef172230 Exception <a 'java/lang/reflect/InvocationTargetException'{0x000000070ec9ff60}> (0x000000070ec9ff60) 
thrown [s\open\src\hotspot\share\runtime\reflection.cpp, line 1121]
Event: 12.899 Thread 0x0000024eef172230 Exception <a 'java/lang/NoSuchMethodError'{0x000000070eb8bc38}: 'java.lang.Object java.lang.invoke.DirectMethodHandle$Holder.newInvokeSpecial(java.lang.Object, java.lang.Object, int, int, int, int, int, java.lang.Object)'> (0x000000070eb8bc38) 
thrown [s\open\src\hotspot\share\interpreter\linkResolver.cpp, line 759]
Event: 12.900 Thread 0x0000024eef172230 Exception <a 'java/lang/NoSuchMethodError'{0x000000070eb9ec18}: 'java.lang.Object java.lang.invoke.DirectMethodHandle$Holder.newInvokeSpecial(java.lang.Object, java.lang.Object, java.lang.Object, int, int, int, int, int)'> (0x000000070eb9ec18) 
thrown [s\open\src\hotspot\share\interpreter\linkResolver.cpp, line 759]
Event: 12.900 Thread 0x0000024eef172230 Exception <a 'java/lang/NoSuchMethodError'{0x000000070eba6478}: 'java.lang.Object java.lang.invoke.Invokers$Holder.linkToTargetMethod(java.lang.Object, java.lang.Object, int, int, int, int, int, java.lang.Object)'> (0x000000070eba6478) 
thrown [s\open\src\hotspot\share\interpreter\linkResolver.cpp, line 759]
Event: 13.936 Thread 0x0000024eef172230 Exception <a 'java/io/FileNotFoundException'{0x000000070e8a3860}> (0x000000070e8a3860) 
thrown [s\open\src\hotspot\share\prims\jni.cpp, line 516]
Event: 13.936 Thread 0x0000024eef172230 Exception <a 'java/io/FileNotFoundException'{0x000000070e8a4bb0}> (0x000000070e8a4bb0) 
thrown [s\open\src\hotspot\share\prims\jni.cpp, line 516]

VM Operations (20 events):
Event: 7.129 Executing VM operation: Cleanup
Event: 7.130 Executing VM operation: Cleanup done
Event: 8.131 Executing VM operation: Cleanup
Event: 8.131 Executing VM operation: Cleanup done
Event: 9.131 Executing VM operation: Cleanup
Event: 9.131 Executing VM operation: Cleanup done
Event: 9.853 Executing VM operation: HandshakeAllThreads
Event: 9.853 Executing VM operation: HandshakeAllThreads done
Event: 9.919 Executing VM operation: HandshakeAllThreads
Event: 9.919 Executing VM operation: HandshakeAllThreads done
Event: 10.919 Executing VM operation: Cleanup
Event: 10.919 Executing VM operation: Cleanup done
Event: 11.919 Executing VM operation: Cleanup
Event: 11.919 Executing VM operation: Cleanup done
Event: 12.214 Executing VM operation: HandshakeAllThreads
Event: 12.214 Executing VM operation: HandshakeAllThreads done
Event: 13.214 Executing VM operation: Cleanup
Event: 13.214 Executing VM operation: Cleanup done
Event: 14.214 Executing VM operation: Cleanup
Event: 14.214 Executing VM operation: Cleanup done

Events (20 events):
Event: 8.139 loading class java/lang/Throwable$WrappedPrintStream
Event: 8.139 loading class java/lang/Throwable$PrintStreamOrWriter
Event: 8.139 loading class java/lang/Throwable$PrintStreamOrWriter done
Event: 8.139 loading class java/lang/Throwable$WrappedPrintStream done
Event: 9.851 loading class sun/reflect/generics/tree/BottomSignature
Event: 9.851 loading class sun/reflect/generics/tree/BottomSignature done
Event: 9.851 loading class sun/reflect/generics/tree/Wildcard
Event: 9.851 loading class sun/reflect/generics/tree/Wildcard done
Event: 9.851 loading class sun/reflect/generics/reflectiveObjects/WildcardTypeImpl
Event: 9.851 loading class java/lang/reflect/WildcardType
Event: 9.851 loading class java/lang/reflect/WildcardType done
Event: 9.851 loading class sun/reflect/generics/reflectiveObjects/WildcardTypeImpl done
Event: 9.903 Thread 0x0000024eef724ef0 Thread added: 0x0000024eef724ef0
Event: 10.771 Thread 0x0000024eef724ef0 Thread exited: 0x0000024eef724ef0
Event: 12.154 Thread 0x0000024eef723f00 Thread added: 0x0000024eef723f00
Event: 12.451 Thread 0x0000024eef723f00 Thread exited: 0x0000024eef723f00
Event: 13.939 Thread 0x0000024eef723f00 Thread added: 0x0000024eef723f00
Event: 13.959 Thread 0x0000024eef7249a0 Thread added: 0x0000024eef7249a0
Event: 14.267 Thread 0x0000024eef723f00 Thread exited: 0x0000024eef723f00
Event: 14.267 Thread 0x0000024eef7249a0 Thread exited: 0x0000024eef7249a0


Dynamic libraries:
0x00007ff612890000 - 0x00007ff6128a0000 	C:\Program Files\Java\jdk-17\bin\java.exe
0x00007ffdc6430000 - 0x00007ffdc6647000 	C:\WINDOWS\SYSTEM32\ntdll.dll
0x00007ffdc4460000 - 0x00007ffdc4524000 	C:\WINDOWS\System32\KERNEL32.DLL
0x00007ffdc3850000 - 0x00007ffdc3c0a000 	C:\WINDOWS\System32\KERNELBASE.dll
0x00007ffdc3700000 - 0x00007ffdc3811000 	C:\WINDOWS\System32\ucrtbase.dll
0x00007ffdbfb60000 - 0x00007ffdbfb7b000 	C:\Program Files\Java\jdk-17\bin\VCRUNTIME140.dll
0x00007ffdbf580000 - 0x00007ffdbf599000 	C:\Program Files\Java\jdk-17\bin\jli.dll
0x00007ffdc4530000 - 0x00007ffdc45e2000 	C:\WINDOWS\System32\ADVAPI32.dll
0x00007ffdc51b0000 - 0x00007ffdc5257000 	C:\WINDOWS\System32\msvcrt.dll
0x00007ffdc4140000 - 0x00007ffdc41e7000 	C:\WINDOWS\System32\sechost.dll
0x00007ffdc3820000 - 0x00007ffdc3848000 	C:\WINDOWS\System32\bcrypt.dll
0x00007ffdc52c0000 - 0x00007ffdc53d4000 	C:\WINDOWS\System32\RPCRT4.dll
0x00007ffdc4f60000 - 0x00007ffdc510e000 	C:\WINDOWS\System32\USER32.dll
0x00007ffdb3120000 - 0x00007ffdb33b2000 	C:\WINDOWS\WinSxS\amd64_microsoft.windows.common-controls_6595b64144ccf1df_6.0.22621.4541_none_2710d1c57384c085\COMCTL32.dll
0x00007ffdc3c90000 - 0x00007ffdc3cb6000 	C:\WINDOWS\System32\win32u.dll
0x00007ffdc4250000 - 0x00007ffdc4279000 	C:\WINDOWS\System32\GDI32.dll
0x00007ffdc3d40000 - 0x00007ffdc3e5b000 	C:\WINDOWS\System32\gdi32full.dll
0x00007ffdc3fd0000 - 0x00007ffdc406a000 	C:\WINDOWS\System32\msvcp_win.dll
0x00007ffdbf4f0000 - 0x00007ffdbf4fa000 	C:\WINDOWS\SYSTEM32\VERSION.dll
0x00007ffdc4210000 - 0x00007ffdc4241000 	C:\WINDOWS\System32\IMM32.DLL
0x00007ffdc0500000 - 0x00007ffdc050c000 	C:\Program Files\Java\jdk-17\bin\vcruntime140_1.dll
0x00007ffdb2dd0000 - 0x00007ffdb2e5e000 	C:\Program Files\Java\jdk-17\bin\msvcp140.dll
0x00007ffd77090000 - 0x00007ffd77c70000 	C:\Program Files\Java\jdk-17\bin\server\jvm.dll
0x00007ffdc51a0000 - 0x00007ffdc51a8000 	C:\WINDOWS\System32\PSAPI.DLL
0x00007ffdbccd0000 - 0x00007ffdbcd04000 	C:\WINDOWS\SYSTEM32\WINMM.dll
0x00007ffdc0250000 - 0x00007ffdc0259000 	C:\WINDOWS\SYSTEM32\WSOCK32.dll
0x00007ffdc53e0000 - 0x00007ffdc5451000 	C:\WINDOWS\System32\WS2_32.dll
0x00007ffdc27f0000 - 0x00007ffdc2808000 	C:\WINDOWS\SYSTEM32\kernel.appcore.dll
0x00007ffdc0090000 - 0x00007ffdc009a000 	C:\Program Files\Java\jdk-17\bin\jimage.dll
0x00007ffdc0860000 - 0x00007ffdc0a92000 	C:\WINDOWS\SYSTEM32\DBGHELP.DLL
0x00007ffdc5e90000 - 0x00007ffdc621f000 	C:\WINDOWS\System32\combase.dll
0x00007ffdc4600000 - 0x00007ffdc46d7000 	C:\WINDOWS\System32\OLEAUT32.dll
0x00007ffda4720000 - 0x00007ffda4752000 	C:\WINDOWS\SYSTEM32\dbgcore.DLL
0x00007ffdc3c10000 - 0x00007ffdc3c8b000 	C:\WINDOWS\System32\bcryptPrimitives.dll
0x00007ffdbf620000 - 0x00007ffdbf62e000 	C:\Program Files\Java\jdk-17\bin\instrument.dll
0x00007ffdbe7f0000 - 0x00007ffdbe815000 	C:\Program Files\Java\jdk-17\bin\java.dll
0x00007ffdb2cf0000 - 0x00007ffdb2dc7000 	C:\Program Files\Java\jdk-17\bin\jsvml.dll
0x00007ffdc46e0000 - 0x00007ffdc4f58000 	C:\WINDOWS\System32\SHELL32.dll
0x00007ffdc15f0000 - 0x00007ffdc1ef8000 	C:\WINDOWS\SYSTEM32\windows.storage.dll
0x00007ffdc14b0000 - 0x00007ffdc15ef000 	C:\WINDOWS\SYSTEM32\wintypes.dll
0x00007ffdc4350000 - 0x00007ffdc444a000 	C:\WINDOWS\System32\SHCORE.dll
0x00007ffdc5260000 - 0x00007ffdc52be000 	C:\WINDOWS\System32\shlwapi.dll
0x00007ffdc3630000 - 0x00007ffdc365b000 	C:\WINDOWS\SYSTEM32\profapi.dll
0x00007ffdbf500000 - 0x00007ffdbf519000 	C:\Program Files\Java\jdk-17\bin\net.dll
0x00007ffdbf2e0000 - 0x00007ffdbf416000 	C:\WINDOWS\SYSTEM32\WINHTTP.dll
0x00007ffdc2c70000 - 0x00007ffdc2cd9000 	C:\WINDOWS\system32\mswsock.dll
0x00007ffdbe7b0000 - 0x00007ffdbe7c6000 	C:\Program Files\Java\jdk-17\bin\nio.dll
0x00007ffdbe790000 - 0x00007ffdbe7a8000 	C:\Program Files\Java\jdk-17\bin\zip.dll
0x00007ffdb8020000 - 0x00007ffdb803a000 	C:\Program Files\JetBrains\IntelliJ IDEA 2024.3\bin\breakgen64.dll
0x00007ffdc21c0000 - 0x00007ffdc22c2000 	C:\WINDOWS\SYSTEM32\DNSAPI.dll
0x00007ffdc2150000 - 0x00007ffdc217d000 	C:\WINDOWS\SYSTEM32\IPHLPAPI.DLL
0x00007ffdc4450000 - 0x00007ffdc4459000 	C:\WINDOWS\System32\NSI.dll
0x00007ffdbbf90000 - 0x00007ffdbbf9a000 	C:\Windows\System32\rasadhlp.dll
0x00007ffdbd130000 - 0x00007ffdbd1b3000 	C:\WINDOWS\System32\fwpuclnt.dll
0x00007ffdbf570000 - 0x00007ffdbf57a000 	C:\Program Files\Java\jdk-17\bin\management.dll
0x00007ffdbf530000 - 0x00007ffdbf53b000 	C:\Program Files\Java\jdk-17\bin\management_ext.dll
0x0000024e837c0000 - 0x0000024e837c3000 	C:\Program Files\Java\javafx-sdk-17.0.13\bin\api-ms-win-core-console-l1-1-0.dll
0x0000024ea8bc0000 - 0x0000024ea8bc3000 	C:\Program Files\Java\javafx-sdk-17.0.13\bin\api-ms-win-core-console-l1-2-0.dll
0x0000024ea8bd0000 - 0x0000024ea8bd3000 	C:\Program Files\Java\javafx-sdk-17.0.13\bin\api-ms-win-core-datetime-l1-1-0.dll
0x0000024ea8be0000 - 0x0000024ea8be3000 	C:\Program Files\Java\javafx-sdk-17.0.13\bin\api-ms-win-core-debug-l1-1-0.dll
0x0000024ea8bf0000 - 0x0000024ea8bf3000 	C:\Program Files\Java\javafx-sdk-17.0.13\bin\api-ms-win-core-errorhandling-l1-1-0.dll
0x0000024ea8d30000 - 0x0000024ea8d34000 	C:\Program Files\Java\javafx-sdk-17.0.13\bin\api-ms-win-core-file-l1-1-0.dll
0x0000024ea8c00000 - 0x0000024ea8c03000 	C:\Program Files\Java\javafx-sdk-17.0.13\bin\api-ms-win-core-file-l1-2-0.dll
0x0000024ea8c10000 - 0x0000024ea8c13000 	C:\Program Files\Java\javafx-sdk-17.0.13\bin\api-ms-win-core-file-l2-1-0.dll
0x0000024ea8c20000 - 0x0000024ea8c23000 	C:\Program Files\Java\javafx-sdk-17.0.13\bin\api-ms-win-core-handle-l1-1-0.dll
0x0000024ea8c30000 - 0x0000024ea8c33000 	C:\Program Files\Java\javafx-sdk-17.0.13\bin\api-ms-win-core-heap-l1-1-0.dll
0x0000024ea8c40000 - 0x0000024ea8c43000 	C:\Program Files\Java\javafx-sdk-17.0.13\bin\api-ms-win-core-interlocked-l1-1-0.dll
0x0000024ea8c50000 - 0x0000024ea8c53000 	C:\Program Files\Java\javafx-sdk-17.0.13\bin\api-ms-win-core-libraryloader-l1-1-0.dll
0x0000024ea8c60000 - 0x0000024ea8c63000 	C:\Program Files\Java\javafx-sdk-17.0.13\bin\api-ms-win-core-localization-l1-2-0.dll
0x0000024ea8c70000 - 0x0000024ea8c73000 	C:\Program Files\Java\javafx-sdk-17.0.13\bin\api-ms-win-core-memory-l1-1-0.dll
0x0000024ea8c80000 - 0x0000024ea8c83000 	C:\Program Files\Java\javafx-sdk-17.0.13\bin\api-ms-win-core-namedpipe-l1-1-0.dll
0x0000024ea8c90000 - 0x0000024ea8c93000 	C:\Program Files\Java\javafx-sdk-17.0.13\bin\api-ms-win-core-processenvironment-l1-1-0.dll
0x0000024ea8ca0000 - 0x0000024ea8ca3000 	C:\Program Files\Java\javafx-sdk-17.0.13\bin\api-ms-win-core-processthreads-l1-1-0.dll
0x0000024ea8cb0000 - 0x0000024ea8cb3000 	C:\Program Files\Java\javafx-sdk-17.0.13\bin\api-ms-win-core-processthreads-l1-1-1.dll
0x0000024ea8cc0000 - 0x0000024ea8cc3000 	C:\Program Files\Java\javafx-sdk-17.0.13\bin\api-ms-win-core-profile-l1-1-0.dll
0x0000024ea8cd0000 - 0x0000024ea8cd3000 	C:\Program Files\Java\javafx-sdk-17.0.13\bin\api-ms-win-core-rtlsupport-l1-1-0.dll
0x0000024ea8ce0000 - 0x0000024ea8ce3000 	C:\Program Files\Java\javafx-sdk-17.0.13\bin\api-ms-win-core-string-l1-1-0.dll
0x0000024ea8cf0000 - 0x0000024ea8cf3000 	C:\Program Files\Java\javafx-sdk-17.0.13\bin\api-ms-win-core-synch-l1-1-0.dll
0x0000024ea8d00000 - 0x0000024ea8d03000 	C:\Program Files\Java\javafx-sdk-17.0.13\bin\api-ms-win-core-synch-l1-2-0.dll
0x0000024ea8d10000 - 0x0000024ea8d13000 	C:\Program Files\Java\javafx-sdk-17.0.13\bin\api-ms-win-core-sysinfo-l1-1-0.dll
0x0000024ea8d20000 - 0x0000024ea8d23000 	C:\Program Files\Java\javafx-sdk-17.0.13\bin\api-ms-win-core-timezone-l1-1-0.dll
0x0000024ea8d40000 - 0x0000024ea8d43000 	C:\Program Files\Java\javafx-sdk-17.0.13\bin\api-ms-win-core-util-l1-1-0.dll
0x0000024ea8d50000 - 0x0000024ea8d53000 	C:\Program Files\Java\javafx-sdk-17.0.13\bin\api-ms-win-crt-conio-l1-1-0.dll
0x0000024ea8d60000 - 0x0000024ea8d64000 	C:\Program Files\Java\javafx-sdk-17.0.13\bin\api-ms-win-crt-convert-l1-1-0.dll
0x0000024ea8d70000 - 0x0000024ea8d73000 	C:\Program Files\Java\javafx-sdk-17.0.13\bin\api-ms-win-crt-environment-l1-1-0.dll
0x0000024ea8d80000 - 0x0000024ea8d83000 	C:\Program Files\Java\javafx-sdk-17.0.13\bin\api-ms-win-crt-filesystem-l1-1-0.dll
0x0000024ea8ee0000 - 0x0000024ea8ee3000 	C:\Program Files\Java\javafx-sdk-17.0.13\bin\api-ms-win-crt-heap-l1-1-0.dll
0x0000024ea8d90000 - 0x0000024ea8d93000 	C:\Program Files\Java\javafx-sdk-17.0.13\bin\api-ms-win-crt-locale-l1-1-0.dll
0x0000024ea8da0000 - 0x0000024ea8da5000 	C:\Program Files\Java\javafx-sdk-17.0.13\bin\api-ms-win-crt-math-l1-1-0.dll
0x0000024ea8db0000 - 0x0000024ea8db5000 	C:\Program Files\Java\javafx-sdk-17.0.13\bin\api-ms-win-crt-multibyte-l1-1-0.dll
0x0000024ea8dc0000 - 0x0000024ea8dd0000 	C:\Program Files\Java\javafx-sdk-17.0.13\bin\api-ms-win-crt-private-l1-1-0.dll
0x0000024ea8dd0000 - 0x0000024ea8dd3000 	C:\Program Files\Java\javafx-sdk-17.0.13\bin\api-ms-win-crt-process-l1-1-0.dll
0x0000024ea8de0000 - 0x0000024ea8de4000 	C:\Program Files\Java\javafx-sdk-17.0.13\bin\api-ms-win-crt-runtime-l1-1-0.dll
0x0000024ea8df0000 - 0x0000024ea8df4000 	C:\Program Files\Java\javafx-sdk-17.0.13\bin\api-ms-win-crt-stdio-l1-1-0.dll
0x0000024ea8e00000 - 0x0000024ea8e04000 	C:\Program Files\Java\javafx-sdk-17.0.13\bin\api-ms-win-crt-string-l1-1-0.dll
0x0000024ea8e10000 - 0x0000024ea8e13000 	C:\Program Files\Java\javafx-sdk-17.0.13\bin\api-ms-win-crt-time-l1-1-0.dll
0x0000024ea8e20000 - 0x0000024ea8e23000 	C:\Program Files\Java\javafx-sdk-17.0.13\bin\api-ms-win-crt-utility-l1-1-0.dll
0x00007ffd7b720000 - 0x00007ffd7b81c000 	C:\Program Files\Java\javafx-sdk-17.0.13\bin\ucrtbase.dll
0x00007ffdb2cd0000 - 0x00007ffdb2ceb000 	C:\Program Files\Java\javafx-sdk-17.0.13\bin\vcruntime140.dll
0x00007ffdbe760000 - 0x00007ffdbe76c000 	C:\Program Files\Java\javafx-sdk-17.0.13\bin\vcruntime140_1.dll
0x00007ffd7afb0000 - 0x00007ffd7b03e000 	C:\Program Files\Java\javafx-sdk-17.0.13\bin\msvcp140.dll
0x00007ffdbcdd0000 - 0x00007ffdbcdd9000 	C:\Program Files\Java\javafx-sdk-17.0.13\bin\msvcp140_1.dll
0x00007ffdaaff0000 - 0x00007ffdab031000 	C:\Program Files\Java\javafx-sdk-17.0.13\bin\msvcp140_2.dll
0x00007ffdc2ec0000 - 0x00007ffdc2edb000 	C:\WINDOWS\SYSTEM32\CRYPTSP.dll
0x00007ffdc2750000 - 0x00007ffdc2785000 	C:\WINDOWS\system32\rsaenh.dll
0x00007ffdc2d30000 - 0x00007ffdc2d58000 	C:\WINDOWS\SYSTEM32\USERENV.dll
0x00007ffdc2eb0000 - 0x00007ffdc2ebc000 	C:\WINDOWS\SYSTEM32\CRYPTBASE.dll
0x00007ffdbf2c0000 - 0x00007ffdbf2d9000 	C:\WINDOWS\SYSTEM32\dhcpcsvc6.DLL
0x00007ffdbf2a0000 - 0x00007ffdbf2bf000 	C:\WINDOWS\SYSTEM32\dhcpcsvc.DLL
0x00007ffdb17c0000 - 0x00007ffdb17ea000 	C:\Program Files\Java\javafx-sdk-17.0.13\bin\prism_d3d.dll
0x00007ffdab7a0000 - 0x00007ffdab948000 	C:\WINDOWS\system32\d3d9.dll
0x00007ffdc0e40000 - 0x00007ffdc0e6b000 	C:\WINDOWS\SYSTEM32\dwmapi.dll
0x00007ffdc0ce0000 - 0x00007ffdc0d17000 	C:\WINDOWS\SYSTEM32\dxcore.dll
0x00007ffdc0bd0000 - 0x00007ffdc0c81000 	C:\WINDOWS\system32\uxtheme.dll
0x00007ffd548e0000 - 0x00007ffd54a44000 	C:\Windows\System32\DriverStore\FileRepository\iigd_dch.inf_amd64_044fd6f0c2ae28a8\igdumdim64.dll
0x00007ffdc5bc0000 - 0x00007ffdc5d65000 	C:\WINDOWS\System32\ole32.dll
0x00007ffd318e0000 - 0x00007ffd3620c000 	C:\Windows\System32\DriverStore\FileRepository\iigd_dch.inf_amd64_044fd6f0c2ae28a8\igd9dxva64.dll
0x00007ffdc5740000 - 0x00007ffdc5bb4000 	C:\WINDOWS\System32\SETUPAPI.dll
0x00007ffdc33f0000 - 0x00007ffdc343e000 	C:\WINDOWS\SYSTEM32\cfgmgr32.dll
0x00007ffdb8f60000 - 0x00007ffdb9224000 	C:\Windows\System32\DriverStore\FileRepository\iigd_dch.inf_amd64_044fd6f0c2ae28a8\igdgmm64.dll
0x00007ffdbbfc0000 - 0x00007ffdbc009000 	C:\WINDOWS\SYSTEM32\directxdatabasehelper.dll
0x00007ffdbd1d0000 - 0x00007ffdbd1e7000 	C:\WINDOWS\system32\napinsp.dll
0x00007ffdb1ec0000 - 0x00007ffdb1edb000 	C:\WINDOWS\system32\pnrpnsp.dll
0x00007ffdb1ea0000 - 0x00007ffdb1eb1000 	C:\WINDOWS\System32\winrnr.dll
0x00007ffd8d280000 - 0x00007ffd8d295000 	C:\WINDOWS\system32\wshbth.dll
0x00007ffdafff0000 - 0x00007ffdb0017000 	C:\WINDOWS\system32\nlansp_c.dll
0x00007ffd7cca0000 - 0x00007ffd7cce2000 	C:\Program Files\Java\javafx-sdk-17.0.13\bin\glass.dll
0x00007ffdc5460000 - 0x00007ffdc5560000 	C:\WINDOWS\System32\COMDLG32.dll

dbghelp: loaded successfully - version: 4.0.5 - missing functions: none
symbol engine: initialized successfully - sym options: 0x614 - pdb path: .;C:\Program Files\Java\jdk-17\bin;C:\WINDOWS\SYSTEM32;C:\WINDOWS\WinSxS\amd64_microsoft.windows.common-controls_6595b64144ccf1df_6.0.22621.4541_none_2710d1c57384c085;C:\Program Files\Java\jdk-17\bin\server;C:\Program Files\JetBrains\IntelliJ IDEA 2024.3\bin;C:\Program Files\Java\javafx-sdk-17.0.13\bin;C:\Windows\System32\DriverStore\FileRepository\iigd_dch.inf_amd64_044fd6f0c2ae28a8;C:\Program Files\Common Files\Microsoft Shared\Ink

VM Arguments:
jvm_args: --module-path=C:\Program Files\Java\javafx-sdk-17.0.13\lib --add-modules=javafx.controls,javafx.fxml,javafx.graphics,javafx.base,javafx.web -javaagent:C:\Program Files\JetBrains\IntelliJ IDEA 2024.3\lib\idea_rt.jar=63178:C:\Program Files\JetBrains\IntelliJ IDEA 2024.3\bin -Dfile.encoding=UTF-8 
java_command: com.JavaFx.CafeManagement
java_class_path (initial): C:\Users\memni\IdeaProjects\CafeManagement\target\classes;C:\Users\memni\.m2\repository\org\openjfx\javafx-controls\17.0.6\javafx-controls-17.0.6.jar;C:\Users\memni\.m2\repository\org\openjfx\javafx-controls\17.0.6\javafx-controls-17.0.6-win.jar;C:\Users\memni\.m2\repository\org\openjfx\javafx-graphics\17.0.6\javafx-graphics-17.0.6.jar;C:\Users\memni\.m2\repository\org\openjfx\javafx-graphics\17.0.6\javafx-graphics-17.0.6-win.jar;C:\Users\memni\.m2\repository\org\openjfx\javafx-base\17.0.6\javafx-base-17.0.6.jar;C:\Users\memni\.m2\repository\org\openjfx\javafx-base\17.0.6\javafx-base-17.0.6-win.jar;C:\Users\memni\.m2\repository\org\openjfx\javafx-fxml\17.0.6\javafx-fxml-17.0.6.jar;C:\Users\memni\.m2\repository\org\openjfx\javafx-fxml\17.0.6\javafx-fxml-17.0.6-win.jar;C:\Users\memni\.m2\repository\de\jensd\fontawesomefx\8.0.0\fontawesomefx-8.0.0.jar;C:\Program Files\Java\javafx-sdk-17.0.13\lib\javafx-swt.jar;C:\Program Files\Java\javafx-sdk-17.0.13\lib\javafx.base.jar;C:\Program Files\Java\javafx-sdk-17.0.13\lib\javafx.controls.jar;C:\Program Files\Java\javafx-sdk-17.0.13\lib\javafx.fxml.jar;C:\Program Files\Java\javafx-sdk-17.0.13\lib\javafx.graphics.jar;C:\Program Files\Java\javafx-sdk-17.0.13\lib\javafx.media.jar;C:\Program Files\Java\javafx-sdk-17.0.13\lib\javafx.swing.jar;C:\Program Files\Java\javafx-sdk-17.0.13\lib\javafx.web.jar;C:\Program Files\fontawesomefx-8.2.jar
Launcher Type: SUN_STANDARD

[Global flags]
     intx CICompilerCount                          = 4                                         {product} {ergonomic}
     uint ConcGCThreads                            = 2                                         {product} {ergonomic}
     uint G1ConcRefinementThreads                  = 8                                         {product} {ergonomic}
   size_t G1HeapRegionSize                         = 2097152                                   {product} {ergonomic}
    uintx GCDrainStackTargetSize                   = 64                                        {product} {ergonomic}
   size_t InitialHeapSize                          = 266338304                                 {product} {ergonomic}
   size_t MarkStackSize                            = 4194304                                   {product} {ergonomic}
   size_t MaxHeapSize                              = 4253024256                                {product} {ergonomic}
   size_t MaxNewSize                               = 2550136832                                {product} {ergonomic}
   size_t MinHeapDeltaBytes                        = 2097152                                   {product} {ergonomic}
   size_t MinHeapSize                              = 8388608                                   {product} {ergonomic}
    uintx NonNMethodCodeHeapSize                   = 5839372                                {pd product} {ergonomic}
    uintx NonProfiledCodeHeapSize                  = 122909434                              {pd product} {ergonomic}
    uintx ProfiledCodeHeapSize                     = 122909434                              {pd product} {ergonomic}
    uintx ReservedCodeCacheSize                    = 251658240                              {pd product} {ergonomic}
     bool SegmentedCodeCache                       = true                                      {product} {ergonomic}
   size_t SoftMaxHeapSize                          = 4253024256                             {manageable} {ergonomic}
     bool UseCompressedClassPointers               = true                           {product lp64_product} {ergonomic}
     bool UseCompressedOops                        = true                           {product lp64_product} {ergonomic}
     bool UseG1GC                                  = true                                      {product} {ergonomic}
     bool UseLargePagesIndividualAllocation        = false                                  {pd product} {ergonomic}

Logging:
Log output configuration:
 #0: stdout all=warning uptime,level,tags
 #1: stderr all=off uptime,level,tags

Environment Variables:
JAVA_HOME=C:\Program Files\Java\jdk-17
PATH=C:\Program Files\Common Files\Oracle\Java\javapath;C:\app\memni\product\21c\dbhomeXE\bin;C:\Program Files (x86)\Common Files\Intel\Shared Libraries\redist\intel64\compiler;C:\Windows\system32;C:\Windows;C:\Windows\System32\Wbem;C:\Windows\System32\WindowsPowerShell\v1.0\;C:\Windows\System32\OpenSSH\;C:\Program Files (x86)\NVIDIA Corporation\PhysX\Common;C:\Program Files\NVIDIA Corporation\NVIDIA NvDLISR;C:\Program Files\dotnet\;C:\Program Files\MiKTeX\miktex\bin\x64\;C:\WINDOWS\system32;C:\WINDOWS;C:\WINDOWS\System32\Wbem;C:\WINDOWS\System32\WindowsPowerShell\v1.0\;C:\WINDOWS\System32\OpenSSH\;C:\Program Files\Git\cmd;C:\Program Files\Docker\Docker\resources\bin;C:\Program Files\Java\jdk-17\bin;C:\Users\memni\AppData\Local\Microsoft\WindowsApps;C:\Users\memni\.dotnet\tools;C:\Users\memni\AppData\Local\Programs\Microsoft VS Code\bin;C:\MinGW\bin;C:\Users\memni\AppData\Local\GitHubDesktop\bin;;C:\Program Files\JetBrains\IntelliJ IDEA 2024.3\bin;
USERNAME=memni
OS=Windows_NT
PROCESSOR_IDENTIFIER=Intel64 Family 6 Model 165 Stepping 2, GenuineIntel



---------------  S Y S T E M  ---------------

OS:
 Windows 11 , 64 bit Build 22621 (10.0.22621.4391)
OS uptime: 0 days 22:14 hours
Hyper-V role detected

CPU: total 8 (initial active 8) (4 cores per cpu, 2 threads per core) family 6 model 165 stepping 2 microcode 0xe2, cx8, cmov, fxsr, ht, mmx, 3dnowpref, sse, sse2, sse3, ssse3, sse4.1, sse4.2, popcnt, lzcnt, tsc, tscinvbit, avx, avx2, aes, erms, clmul, bmi1, bmi2, adx, fma, vzeroupper, clflush, clflushopt, hv

Memory: 4k page, system-wide physical 16219M (3624M free)
TotalPageFile size 65371M (AvailPageFile size 5M)
current process WorkingSet (physical memory assigned to process): 427M, peak: 427M
current process commit charge ("private bytes"): 603M, peak: 633M

vm_info: Java HotSpot(TM) 64-Bit Server VM (17.0.12+8-LTS-286) for windows-amd64 JRE (17.0.12+8-LTS-286), built on Jun  5 2024 06:46:59 by "mach5one" with MS VC++ 17.6 (VS2022)

END.
